<?xml version="1.0" encoding="UTF-8"?>
<testng-results ignored="0" total="1" passed="1" failed="0" skipped="0">
  <reporter-output>
  </reporter-output>
  <suite started-at="2022-08-28T13:18:00 IST" name="Default suite" finished-at="2022-08-28T13:18:08 IST" duration-ms="7949">
    <groups>
    </groups>
    <test started-at="2022-08-28T13:18:00 IST" name="Default test" finished-at="2022-08-28T13:18:08 IST" duration-ms="7949">
      <class name="Liberis.page">
        <test-method is-config="true" signature="setup()[pri:0, instance:Liberis.page@30ee2816]" started-at="2022-08-28T13:18:00 IST" name="setup" finished-at="2022-08-28T13:18:08 IST" duration-ms="7343" status="PASS">
          <reporter-output>
          </reporter-output>
        </test-method> <!-- setup -->
        <test-method signature="m1()[pri:0, instance:Liberis.page@30ee2816]" started-at="2022-08-28T13:18:08 IST" name="m1" finished-at="2022-08-28T13:18:08 IST" duration-ms="225" status="PASS">
          <reporter-output>
          </reporter-output>
        </test-method> <!-- m1 -->
        <test-method is-config="true" signature="setdown()[pri:0, instance:Liberis.page@30ee2816]" started-at="2022-08-28T13:18:08 IST" name="setdown" finished-at="2022-08-28T13:18:08 IST" duration-ms="329" status="PASS">
          <reporter-output>
          </reporter-output>
        </test-method> <!-- setdown -->
      </class> <!-- Liberis.page -->
    </test> <!-- Default test -->
  </suite> <!-- Default suite -->
</testng-results>
